<?xml version="1.0" encoding="UTF-8"?>
<!-- Generated by org.testng.reporters.JUnitReportReporter -->
<testsuite hostname="Souji-PC" name="com.learningautomation.selenium.MavenTest2" tests="1" failures="0" timestamp="21 Apr 2016 04:35:46 GMT" time="0.022" errors="0">
  <testcase name="test_Method" time="0.022" classname="com.learningautomation.selenium.MavenTest2"/>
</testsuite> <!-- com.learningautomation.selenium.MavenTest2 -->
